TN:
SF:src/app.ts
FN:35,(anonymous_1)
FNF:1
FNH:0
FNDA:0,(anonymous_1)
DA:1,3
DA:2,3
DA:3,3
DA:4,3
DA:5,3
DA:6,3
DA:7,3
DA:8,3
DA:9,3
DA:10,3
DA:13,3
DA:16,3
DA:19,3
DA:20,3
DA:21,3
DA:22,3
DA:23,3
DA:26,3
DA:29,3
DA:30,3
DA:31,3
DA:32,3
DA:35,3
DA:36,0
DA:37,0
DA:43,3
LF:26
LH:24
BRF:0
BRH:0
end_of_record
TN:
SF:src/server.ts
FN:7,(anonymous_1)
FN:14,(anonymous_2)
FN:24,(anonymous_3)
FNF:3
FNH:0
FNDA:0,(anonymous_1)
FNDA:0,(anonymous_2)
FNDA:0,(anonymous_3)
DA:1,0
DA:2,0
DA:3,0
DA:5,0
DA:7,0
DA:8,0
DA:10,0
DA:11,0
DA:14,0
DA:15,0
DA:18,0
DA:19,0
DA:24,0
DA:25,0
DA:26,0
DA:27,0
DA:30,0
LF:17
LH:0
BRDA:5,0,0,0
BRDA:5,0,1,0
BRF:2
BRH:0
end_of_record
TN:
SF:src/config/database.ts
FNF:0
FNH:0
DA:1,0
DA:3,0
DA:5,0
LF:3
LH:0
BRF:0
BRH:0
end_of_record
TN:
SF:src/config/env.config.ts
FN:3,(anonymous_0)
FNF:1
FNH:0
FNDA:0,(anonymous_0)
DA:1,0
DA:3,0
DA:4,0
DA:15,0
LF:4
LH:0
BRF:0
BRH:0
end_of_record
TN:
SF:src/controllers/authController.ts
FN:8,(anonymous_0)
FN:70,(anonymous_1)
FNF:2
FNH:2
FNDA:5,(anonymous_0)
FNDA:3,(anonymous_1)
DA:2,3
DA:3,3
DA:6,3
DA:8,3
DA:12,5
DA:13,5
DA:16,5
DA:17,5
DA:18,1
DA:22,1
DA:26,4
DA:27,4
DA:30,4
DA:41,4
DA:52,4
DA:60,0
DA:61,0
DA:70,3
DA:74,3
DA:75,3
DA:78,3
DA:92,3
DA:93,2
DA:94,2
DA:98,1
DA:104,1
DA:112,1
DA:117,1
DA:132,0
DA:133,0
LF:30
LH:26
BRDA:17,0,0,1
BRDA:92,1,0,2
BRF:2
BRH:2
end_of_record
TN:
SF:src/controllers/onboardingController.ts
FN:10,(anonymous_0)
FN:74,(anonymous_1)
FN:123,(anonymous_2)
FN:179,(anonymous_3)
FNF:4
FNH:0
FNDA:0,(anonymous_0)
FNDA:0,(anonymous_1)
FNDA:0,(anonymous_2)
FNDA:0,(anonymous_3)
DA:2,3
DA:3,3
DA:6,3
DA:8,3
DA:14,0
DA:15,0
DA:16,0
DA:18,0
DA:24,0
DA:25,0
DA:40,0
DA:48,0
DA:58,0
DA:59,0
DA:64,0
DA:65,0
DA:78,0
DA:79,0
DA:80,0
DA:82,0
DA:96,0
DA:97,0
DA:100,0
DA:107,0
DA:108,0
DA:113,0
DA:114,0
DA:127,0
DA:128,0
DA:129,0
DA:131,0
DA:158,0
DA:163,0
DA:164,0
DA:169,0
DA:170,0
DA:183,0
DA:184,0
DA:186,0
DA:194,0
DA:195,0
DA:198,0
DA:212,0
DA:217,0
DA:218,0
DA:223,0
DA:224,0
LF:47
LH:4
BRDA:24,0,0,0
BRDA:54,1,0,0
BRDA:54,1,1,0
BRDA:54,2,0,0
BRDA:54,2,1,0
BRDA:58,3,0,0
BRDA:58,3,1,0
BRDA:96,4,0,0
BRDA:107,5,0,0
BRDA:107,5,1,0
BRDA:163,6,0,0
BRDA:163,6,1,0
BRDA:194,7,0,0
BRDA:199,8,0,0
BRDA:199,8,1,0
BRDA:199,8,2,0
BRDA:199,8,3,0
BRDA:199,9,0,0
BRDA:199,9,1,0
BRDA:199,10,0,0
BRDA:199,10,1,0
BRDA:200,11,0,0
BRDA:200,11,1,0
BRDA:200,12,0,0
BRDA:200,12,1,0
BRDA:203,13,0,0
BRDA:203,13,1,0
BRDA:203,13,2,0
BRDA:203,13,3,0
BRDA:203,13,4,0
BRDA:203,13,5,0
BRDA:206,14,0,0
BRDA:206,14,1,0
BRDA:206,15,0,0
BRDA:206,15,1,0
BRDA:207,16,0,0
BRDA:207,16,1,0
BRDA:207,17,0,0
BRDA:207,17,1,0
BRDA:217,18,0,0
BRDA:217,18,1,0
BRF:41
BRH:0
end_of_record
TN:
SF:src/controllers/userController.ts
FN:27,(anonymous_0)
FN:40,(anonymous_1)
FN:65,(anonymous_2)
FN:87,(anonymous_3)
FN:118,(anonymous_4)
FN:142,(anonymous_5)
FN:175,(anonymous_6)
FNF:7
FNH:0
FNDA:0,(anonymous_0)
FNDA:0,(anonymous_1)
FNDA:0,(anonymous_2)
FNDA:0,(anonymous_3)
FNDA:0,(anonymous_4)
FNDA:0,(anonymous_5)
FNDA:0,(anonymous_6)
DA:2,3
DA:3,3
DA:13,3
DA:27,3
DA:31,0
DA:40,3
DA:44,0
DA:45,0
DA:46,0
DA:54,0
DA:56,0
DA:57,0
DA:58,0
DA:60,0
DA:65,3
DA:66,0
DA:67,0
DA:78,0
DA:80,0
DA:81,0
DA:85,3
DA:91,0
DA:92,0
DA:94,0
DA:103,0
DA:104,0
DA:107,0
DA:109,0
DA:110,0
DA:112,0
DA:122,0
DA:123,0
DA:124,0
DA:126,0
DA:131,0
DA:133,0
DA:134,0
DA:136,0
DA:146,0
DA:147,0
DA:148,0
DA:150,0
DA:164,0
DA:166,0
DA:167,0
DA:169,0
DA:179,0
DA:180,0
DA:182,0
DA:186,0
DA:187,0
DA:190,0
DA:192,0
DA:193,0
DA:195,0
LF:55
LH:7
BRDA:57,0,0,0
BRDA:57,0,1,0
BRDA:103,1,0,0
BRDA:109,2,0,0
BRDA:109,2,1,0
BRDA:133,3,0,0
BRDA:133,3,1,0
BRDA:166,4,0,0
BRDA:166,4,1,0
BRDA:186,5,0,0
BRDA:192,6,0,0
BRDA:192,6,1,0
BRF:12
BRH:0
end_of_record
TN:
SF:src/controllers/walletController.ts
FN:14,(anonymous_0)
FN:51,(anonymous_1)
FN:78,(anonymous_2)
FN:111,(anonymous_3)
FN:141,(anonymous_4)
FNF:5
FNH:4
FNDA:0,(anonymous_0)
FNDA:1,(anonymous_1)
FNDA:1,(anonymous_2)
FNDA:2,(anonymous_3)
FNDA:1,(anonymous_4)
DA:2,3
DA:3,3
DA:12,3
DA:18,0
DA:19,0
DA:20,0
DA:22,0
DA:24,0
DA:36,0
DA:37,0
DA:42,0
DA:55,1
DA:56,1
DA:58,1
DA:63,0
DA:64,0
DA:69,0
DA:82,1
DA:83,1
DA:84,1
DA:86,1
DA:88,1
DA:96,0
DA:97,0
DA:102,0
DA:115,2
DA:116,2
DA:117,2
DA:119,2
DA:121,1
DA:126,1
DA:127,1
DA:132,0
DA:145,1
DA:146,1
DA:147,1
DA:149,1
DA:151,0
DA:159,1
DA:160,1
DA:165,0
LF:41
LH:24
BRDA:36,0,0,0
BRDA:36,0,1,0
BRDA:63,1,0,0
BRDA:63,1,1,0
BRDA:96,2,0,0
BRDA:96,2,1,0
BRDA:126,3,0,1
BRDA:126,3,1,0
BRDA:159,4,0,1
BRDA:159,4,1,0
BRF:10
BRH:2
end_of_record
TN:
SF:src/middleware/auth.ts
FN:21,(anonymous_0)
FN:59,(anonymous_1)
FN:60,(anonymous_2)
FNF:3
FNH:1
FNDA:14,(anonymous_0)
FNDA:0,(anonymous_1)
FNDA:0,(anonymous_2)
DA:2,3
DA:3,3
DA:4,3
DA:7,3
DA:21,3
DA:26,14
DA:27,14
DA:29,14
DA:30,0
DA:33,14
DA:34,14
DA:36,14
DA:44,14
DA:45,6
DA:48,8
DA:49,8
DA:51,6
DA:52,6
DA:54,0
DA:59,3
DA:60,0
DA:65,0
DA:66,0
DA:70,0
DA:73,0
DA:74,0
DA:78,0
DA:81,0
LF:28
LH:18
BRDA:29,0,0,0
BRDA:29,1,0,0
BRDA:29,1,1,14
BRDA:29,2,0,14
BRDA:29,2,1,14
BRDA:44,3,0,6
BRDA:51,4,0,6
BRDA:51,4,1,0
BRDA:65,5,0,0
BRDA:73,6,0,0
BRF:10
BRH:5
end_of_record
TN:
SF:src/middleware/rateLimiter.ts
FNF:0
FNH:0
DA:1,3
DA:4,3
DA:16,3
DA:28,3
LF:4
LH:4
BRF:0
BRH:0
end_of_record
TN:
SF:src/middleware/validate.ts
FN:4,(anonymous_0)
FN:5,(anonymous_1)
FN:7,(anonymous_2)
FNF:3
FNH:3
FNDA:27,(anonymous_0)
FNDA:4,(anonymous_1)
FNDA:14,(anonymous_2)
DA:2,3
DA:4,3
DA:5,27
DA:7,14
DA:9,4
DA:10,4
DA:11,4
DA:15,0
DA:16,0
DA:18,0
LF:10
LH:7
BRDA:10,0,0,4
BRDA:16,1,0,0
BRDA:16,1,1,0
BRF:3
BRH:1
end_of_record
TN:
SF:src/routes/authRoutes.ts
FNF:0
FNH:0
DA:1,3
DA:2,3
DA:4,3
DA:6,3
DA:7,3
DA:9,3
LF:6
LH:6
BRF:0
BRH:0
end_of_record
TN:
SF:src/routes/onboardingRoutes.ts
FNF:0
FNH:0
DA:1,3
DA:2,3
DA:3,3
DA:4,3
DA:5,3
DA:11,3
DA:14,3
DA:17,3
DA:24,3
DA:31,3
DA:38,3
DA:43,3
LF:12
LH:12
BRF:0
BRH:0
end_of_record
TN:
SF:src/routes/userRoutes.ts
FNF:0
FNH:0
DA:1,3
DA:2,3
DA:3,3
DA:4,3
DA:5,3
DA:10,3
DA:13,3
DA:16,3
DA:19,3
DA:26,3
DA:31,3
DA:33,3
LF:12
LH:12
BRF:0
BRH:0
end_of_record
TN:
SF:src/routes/walletRoutes.ts
FNF:0
FNH:0
DA:1,3
DA:2,3
DA:3,3
DA:4,3
DA:5,3
DA:12,3
DA:15,3
DA:18,3
DA:25,3
DA:31,3
DA:38,3
DA:45,3
DA:51,3
LF:13
LH:13
BRF:0
BRH:0
end_of_record
TN:
SF:src/services/walletService.ts
FN:16,(anonymous_1)
FN:31,(anonymous_2)
FN:89,(anonymous_3)
FN:132,(anonymous_4)
FN:133,(anonymous_5)
FN:170,(anonymous_6)
FN:174,(anonymous_7)
FN:260,(anonymous_8)
FNF:8
FNH:7
FNDA:0,(anonymous_1)
FNDA:3,(anonymous_2)
FNDA:2,(anonymous_3)
FNDA:1,(anonymous_4)
FNDA:1,(anonymous_5)
FNDA:2,(anonymous_6)
FNDA:2,(anonymous_7)
FNDA:1,(anonymous_8)
DA:1,3
DA:2,3
DA:3,3
DA:12,3
DA:14,3
DA:17,0
DA:19,0
DA:32,3
DA:36,3
DA:37,0
DA:41,3
DA:42,0
DA:43,0
DA:46,0
DA:52,3
DA:54,3
DA:55,2
DA:56,2
DA:58,0
DA:66,0
DA:69,2
DA:74,2
DA:78,1
DA:79,0
DA:85,1
DA:90,2
DA:94,2
DA:95,0
DA:98,2
DA:99,2
DA:101,2
DA:103,2
DA:122,2
DA:133,1
DA:134,1
DA:138,1
DA:139,0
DA:142,1
DA:143,0
DA:146,1
DA:149,1
DA:162,1
DA:174,2
DA:176,2
DA:180,2
DA:181,0
DA:185,2
DA:188,1
DA:192,1
DA:193,0
DA:197,1
DA:198,0
DA:202,1
DA:203,1
DA:204,0
DA:206,1
DA:207,0
DA:211,1
DA:222,1
DA:227,1
DA:240,1
DA:245,1
DA:265,1
DA:267,0
LF:64
LH:46
BRDA:36,0,0,0
BRDA:41,1,0,0
BRDA:42,2,0,0
BRDA:42,3,0,0
BRDA:42,3,1,0
BRDA:54,4,0,2
BRDA:56,5,0,0
BRDA:78,6,0,0
BRDA:94,7,0,0
BRDA:123,8,0,2
BRDA:123,8,1,2
BRDA:124,9,0,2
BRDA:124,9,1,2
BRDA:125,10,0,2
BRDA:125,10,1,2
BRDA:126,11,0,2
BRDA:126,11,1,2
BRDA:138,12,0,0
BRDA:142,13,0,0
BRDA:180,14,0,0
BRDA:192,15,0,0
BRDA:197,16,0,0
BRDA:203,17,0,0
BRDA:206,18,0,0
BRF:24
BRH:9
end_of_record
TN:
SF:src/utils/apiError.ts
FN:4,(anonymous_0)
FNF:1
FNH:1
FNDA:8,(anonymous_0)
DA:1,3
DA:5,8
DA:6,8
DA:7,8
LF:4
LH:4
BRF:0
BRH:0
end_of_record
TN:
SF:src/utils/auth.ts
FN:3,(anonymous_1)
FN:8,(anonymous_2)
FNF:2
FNH:0
FNDA:0,(anonymous_1)
FNDA:0,(anonymous_2)
DA:1,0
DA:3,0
DA:4,0
DA:5,0
DA:8,0
DA:12,0
LF:6
LH:0
BRF:0
BRH:0
end_of_record
TN:
SF:src/utils/jwt.ts
FN:12,(anonymous_1)
FN:18,(anonymous_2)
FNF:2
FNH:2
FNDA:20,(anonymous_1)
FNDA:25,(anonymous_2)
DA:1,3
DA:2,3
DA:4,3
DA:5,3
DA:12,3
DA:13,20
DA:18,3
DA:19,25
DA:20,25
DA:22,0
LF:10
LH:9
BRDA:4,0,0,3
BRDA:4,0,1,0
BRDA:5,1,0,3
BRDA:5,1,1,0
BRF:4
BRH:2
end_of_record
TN:
SF:src/validations/onboardingValidations.ts
FN:30,(anonymous_0)
FN:57,(anonymous_1)
FNF:2
FNH:0
FNDA:0,(anonymous_0)
FNDA:0,(anonymous_1)
DA:1,3
DA:2,3
DA:4,3
DA:26,3
DA:31,0
DA:32,0
DA:33,0
DA:34,0
DA:35,0
DA:37,0
DA:38,0
DA:40,0
DA:44,3
DA:58,0
DA:59,0
DA:60,0
DA:62,0
LF:17
LH:5
BRDA:34,0,0,0
BRDA:37,1,0,0
BRDA:59,2,0,0
BRF:3
BRH:0
end_of_record
TN:
SF:src/validations/userValidations.ts
FNF:0
FNH:0
DA:1,3
DA:3,3
DA:23,3
LF:3
LH:3
BRF:0
BRH:0
end_of_record
TN:
SF:src/validations/walletValidations.ts
FNF:0
FNH:0
DA:1,3
DA:3,3
DA:27,3
DA:42,3
DA:63,3
LF:5
LH:5
BRF:0
BRH:0
end_of_record
