TN:
SF:src/app.ts
FN:33,(anonymous_1)
FNF:1
FNH:0
FNDA:0,(anonymous_1)
DA:1,2
DA:2,2
DA:3,2
DA:4,2
DA:5,2
DA:6,2
DA:7,2
DA:8,2
DA:9,2
DA:12,2
DA:15,2
DA:18,2
DA:19,2
DA:20,2
DA:21,2
DA:22,2
DA:25,2
DA:28,2
DA:29,2
DA:30,2
DA:33,2
DA:34,0
DA:35,0
DA:41,2
LF:24
LH:22
BRF:0
BRH:0
end_of_record
TN:
SF:src/server.ts
FN:7,(anonymous_1)
FN:14,(anonymous_2)
FN:24,(anonymous_3)
FNF:3
FNH:0
FNDA:0,(anonymous_1)
FNDA:0,(anonymous_2)
FNDA:0,(anonymous_3)
DA:1,0
DA:2,0
DA:3,0
DA:5,0
DA:7,0
DA:8,0
DA:10,0
DA:11,0
DA:14,0
DA:15,0
DA:18,0
DA:19,0
DA:24,0
DA:25,0
DA:26,0
DA:27,0
DA:30,0
LF:17
LH:0
BRDA:5,0,0,0
BRDA:5,0,1,0
BRF:2
BRH:0
end_of_record
TN:
SF:src/config/database.ts
FNF:0
FNH:0
DA:1,0
DA:3,0
DA:5,0
LF:3
LH:0
BRF:0
BRH:0
end_of_record
TN:
SF:src/config/env.config.ts
FN:3,(anonymous_0)
FNF:1
FNH:0
FNDA:0,(anonymous_0)
DA:1,0
DA:3,0
DA:4,0
DA:15,0
LF:4
LH:0
BRF:0
BRH:0
end_of_record
TN:
SF:src/controllers/authController.ts
FN:8,(anonymous_0)
FN:70,(anonymous_1)
FNF:2
FNH:2
FNDA:5,(anonymous_0)
FNDA:3,(anonymous_1)
DA:2,2
DA:3,2
DA:6,2
DA:8,2
DA:12,5
DA:13,5
DA:16,5
DA:17,5
DA:18,1
DA:22,1
DA:26,4
DA:27,4
DA:30,4
DA:41,4
DA:52,4
DA:60,0
DA:61,0
DA:70,2
DA:74,3
DA:75,3
DA:78,3
DA:92,3
DA:93,2
DA:94,2
DA:98,1
DA:104,1
DA:112,1
DA:117,1
DA:132,0
DA:133,0
LF:30
LH:26
BRDA:17,0,0,1
BRDA:92,1,0,2
BRF:2
BRH:2
end_of_record
TN:
SF:src/controllers/userController.ts
FN:28,(anonymous_0)
FN:37,(anonymous_1)
FN:62,(anonymous_2)
FN:84,(anonymous_3)
FN:115,(anonymous_4)
FN:139,(anonymous_5)
FN:172,(anonymous_6)
FNF:7
FNH:0
FNDA:0,(anonymous_0)
FNDA:0,(anonymous_1)
FNDA:0,(anonymous_2)
FNDA:0,(anonymous_3)
FNDA:0,(anonymous_4)
FNDA:0,(anonymous_5)
FNDA:0,(anonymous_6)
DA:2,2
DA:3,2
DA:14,2
DA:28,2
DA:37,2
DA:41,0
DA:42,0
DA:43,0
DA:51,0
DA:53,0
DA:54,0
DA:55,0
DA:57,0
DA:62,2
DA:63,0
DA:64,0
DA:75,0
DA:77,0
DA:78,0
DA:82,2
DA:88,0
DA:89,0
DA:91,0
DA:100,0
DA:101,0
DA:104,0
DA:106,0
DA:107,0
DA:109,0
DA:119,0
DA:120,0
DA:121,0
DA:123,0
DA:128,0
DA:130,0
DA:131,0
DA:133,0
DA:143,0
DA:144,0
DA:145,0
DA:147,0
DA:161,0
DA:163,0
DA:164,0
DA:166,0
DA:176,0
DA:177,0
DA:179,0
DA:183,0
DA:184,0
DA:187,0
DA:189,0
DA:190,0
DA:192,0
LF:54
LH:7
BRDA:54,0,0,0
BRDA:54,0,1,0
BRDA:100,1,0,0
BRDA:106,2,0,0
BRDA:106,2,1,0
BRDA:130,3,0,0
BRDA:130,3,1,0
BRDA:163,4,0,0
BRDA:163,4,1,0
BRDA:183,5,0,0
BRDA:189,6,0,0
BRDA:189,6,1,0
BRF:12
BRH:0
end_of_record
TN:
SF:src/controllers/walletController.ts
FN:14,(anonymous_0)
FN:51,(anonymous_1)
FN:78,(anonymous_2)
FN:111,(anonymous_3)
FN:141,(anonymous_4)
FNF:5
FNH:5
FNDA:1,(anonymous_0)
FNDA:2,(anonymous_1)
FNDA:1,(anonymous_2)
FNDA:3,(anonymous_3)
FNDA:2,(anonymous_4)
DA:2,2
DA:3,2
DA:12,2
DA:18,1
DA:19,1
DA:20,1
DA:22,1
DA:24,1
DA:36,0
DA:37,0
DA:42,0
DA:55,2
DA:56,2
DA:58,1
DA:63,1
DA:64,1
DA:69,0
DA:82,1
DA:83,1
DA:84,1
DA:86,1
DA:88,1
DA:96,0
DA:97,0
DA:102,0
DA:115,3
DA:116,3
DA:117,3
DA:119,3
DA:121,1
DA:126,2
DA:127,2
DA:132,0
DA:145,2
DA:146,2
DA:147,2
DA:149,2
DA:151,1
DA:159,1
DA:160,1
DA:165,0
LF:41
LH:32
BRDA:36,0,0,0
BRDA:36,0,1,0
BRDA:63,1,0,1
BRDA:63,1,1,0
BRDA:96,2,0,0
BRDA:96,2,1,0
BRDA:126,3,0,2
BRDA:126,3,1,0
BRDA:159,4,0,1
BRDA:159,4,1,0
BRF:10
BRH:3
end_of_record
TN:
SF:src/middleware/auth.ts
FN:21,(anonymous_0)
FN:59,(anonymous_1)
FN:60,(anonymous_2)
FNF:3
FNH:1
FNDA:11,(anonymous_0)
FNDA:0,(anonymous_1)
FNDA:0,(anonymous_2)
DA:2,2
DA:3,2
DA:4,2
DA:7,2
DA:21,2
DA:26,11
DA:27,11
DA:29,11
DA:30,0
DA:33,11
DA:34,11
DA:36,11
DA:44,11
DA:45,0
DA:48,11
DA:49,11
DA:51,0
DA:52,0
DA:54,0
DA:59,2
DA:60,0
DA:65,0
DA:66,0
DA:70,0
DA:73,0
DA:74,0
DA:78,0
DA:81,0
LF:28
LH:15
BRDA:29,0,0,0
BRDA:29,1,0,0
BRDA:29,1,1,11
BRDA:29,2,0,11
BRDA:29,2,1,11
BRDA:44,3,0,0
BRDA:51,4,0,0
BRDA:51,4,1,0
BRDA:65,5,0,0
BRDA:73,6,0,0
BRF:10
BRH:3
end_of_record
TN:
SF:src/middleware/rateLimiter.ts
FNF:0
FNH:0
DA:1,2
DA:4,2
DA:16,2
DA:28,2
LF:4
LH:4
BRF:0
BRH:0
end_of_record
TN:
SF:src/middleware/validate.ts
FN:4,(anonymous_0)
FN:5,(anonymous_1)
FN:7,(anonymous_2)
FNF:3
FNH:3
FNDA:12,(anonymous_0)
FNDA:9,(anonymous_1)
FNDA:32,(anonymous_2)
DA:2,2
DA:4,2
DA:5,12
DA:7,32
DA:9,9
DA:10,9
DA:11,7
DA:15,2
DA:16,2
DA:18,2
LF:10
LH:10
BRDA:10,0,0,7
BRDA:16,1,0,2
BRDA:16,1,1,0
BRF:3
BRH:2
end_of_record
TN:
SF:src/routes/authRoutes.ts
FNF:0
FNH:0
DA:1,2
DA:2,2
DA:4,2
DA:6,2
DA:7,2
DA:9,2
LF:6
LH:6
BRF:0
BRH:0
end_of_record
TN:
SF:src/routes/userRoutes.ts
FNF:0
FNH:0
DA:1,2
DA:2,2
DA:3,2
DA:4,2
DA:5,2
DA:10,2
DA:13,2
DA:16,2
DA:19,2
DA:26,2
DA:31,2
DA:33,2
LF:12
LH:12
BRF:0
BRH:0
end_of_record
TN:
SF:src/routes/walletRoutes.ts
FNF:0
FNH:0
DA:1,2
DA:2,2
DA:3,2
DA:4,2
DA:5,2
DA:12,2
DA:15,2
DA:18,2
DA:25,2
DA:31,2
DA:38,2
DA:45,2
DA:51,2
LF:13
LH:13
BRF:0
BRH:0
end_of_record
TN:
SF:src/services/walletService.ts
FN:16,(anonymous_1)
FN:31,(anonymous_2)
FN:89,(anonymous_3)
FN:132,(anonymous_4)
FN:133,(anonymous_5)
FN:170,(anonymous_6)
FN:174,(anonymous_7)
FN:260,(anonymous_8)
FNF:8
FNH:8
FNDA:1,(anonymous_1)
FNDA:5,(anonymous_2)
FNDA:3,(anonymous_3)
FNDA:1,(anonymous_4)
FNDA:1,(anonymous_5)
FNDA:3,(anonymous_6)
FNDA:3,(anonymous_7)
FNDA:2,(anonymous_8)
DA:1,2
DA:2,2
DA:3,2
DA:12,2
DA:14,2
DA:17,1
DA:19,1
DA:32,5
DA:36,5
DA:37,0
DA:41,5
DA:42,0
DA:43,0
DA:46,0
DA:52,5
DA:54,5
DA:55,2
DA:56,2
DA:58,0
DA:66,0
DA:69,2
DA:74,2
DA:78,3
DA:79,0
DA:85,3
DA:90,3
DA:94,3
DA:95,1
DA:98,2
DA:99,2
DA:101,2
DA:103,2
DA:122,2
DA:133,1
DA:134,1
DA:138,1
DA:139,0
DA:142,1
DA:143,0
DA:146,1
DA:149,1
DA:162,1
DA:174,3
DA:176,3
DA:180,3
DA:181,0
DA:185,3
DA:188,2
DA:192,2
DA:193,0
DA:197,2
DA:198,1
DA:202,1
DA:203,1
DA:204,0
DA:206,1
DA:207,0
DA:211,1
DA:222,1
DA:227,1
DA:240,1
DA:245,1
DA:265,2
DA:267,1
LF:64
LH:51
BRDA:36,0,0,0
BRDA:41,1,0,0
BRDA:42,2,0,0
BRDA:42,3,0,0
BRDA:42,3,1,0
BRDA:54,4,0,2
BRDA:56,5,0,0
BRDA:78,6,0,0
BRDA:94,7,0,1
BRDA:123,8,0,2
BRDA:123,8,1,2
BRDA:124,9,0,2
BRDA:124,9,1,2
BRDA:125,10,0,2
BRDA:125,10,1,2
BRDA:126,11,0,2
BRDA:126,11,1,2
BRDA:138,12,0,0
BRDA:142,13,0,0
BRDA:180,14,0,0
BRDA:192,15,0,0
BRDA:197,16,0,1
BRDA:203,17,0,0
BRDA:206,18,0,0
BRF:24
BRH:11
end_of_record
TN:
SF:src/utils/apiError.ts
FN:4,(anonymous_0)
FNF:1
FNH:1
FNDA:4,(anonymous_0)
DA:1,2
DA:5,4
DA:6,4
DA:7,4
LF:4
LH:4
BRF:0
BRH:0
end_of_record
TN:
SF:src/utils/auth.ts
FN:3,(anonymous_1)
FN:8,(anonymous_2)
FNF:2
FNH:0
FNDA:0,(anonymous_1)
FNDA:0,(anonymous_2)
DA:1,0
DA:3,0
DA:4,0
DA:5,0
DA:8,0
DA:12,0
LF:6
LH:0
BRF:0
BRH:0
end_of_record
TN:
SF:src/utils/jwt.ts
FN:12,(anonymous_1)
FN:18,(anonymous_2)
FNF:2
FNH:2
FNDA:12,(anonymous_1)
FNDA:22,(anonymous_2)
DA:1,2
DA:2,2
DA:4,2
DA:5,2
DA:12,2
DA:13,12
DA:18,2
DA:19,22
DA:20,22
DA:22,0
LF:10
LH:9
BRDA:4,0,0,2
BRDA:4,0,1,0
BRDA:5,1,0,2
BRDA:5,1,1,0
BRF:4
BRH:2
end_of_record
TN:
SF:src/validations/userValidations.ts
FNF:0
FNH:0
DA:1,2
DA:3,2
DA:23,2
LF:3
LH:3
BRF:0
BRH:0
end_of_record
TN:
SF:src/validations/walletValidations.ts
FNF:0
FNH:0
DA:1,2
DA:3,2
DA:27,2
DA:42,2
DA:63,2
LF:5
LH:5
BRF:0
BRH:0
end_of_record
